::1 - - [04/Jan/2019:13:56:28 +0000] "GET /movies/44 HTTP/1.1" 500 52 "-" "Mozilla/5.0 (X11; Linux x86_64) AppleWebKit/537.36 (KHTML, like Gecko) Chrome/69.0.3497.92 Safari/537.36"
::1 - - [04/Jan/2019:13:57:42 +0000] "GET /movies/44 HTTP/1.1" 500 52 "-" "Mozilla/5.0 (X11; Linux x86_64) AppleWebKit/537.36 (KHTML, like Gecko) Chrome/69.0.3497.92 Safari/537.36"
::1 - - [04/Jan/2019:14:02:27 +0000] "GET /movies/44 HTTP/1.1" 200 281 "-" "Mozilla/5.0 (X11; Linux x86_64) AppleWebKit/537.36 (KHTML, like Gecko) Chrome/69.0.3497.92 Safari/537.36"
::1 - - [04/Jan/2019:14:04:27 +0000] "GET /movies/44 HTTP/1.1" 200 281 "-" "Mozilla/5.0 (X11; Linux x86_64) AppleWebKit/537.36 (KHTML, like Gecko) Chrome/69.0.3497.92 Safari/537.36"
::1 - - [04/Jan/2019:14:04:32 +0000] "GET /movies/44 HTTP/1.1" 200 281 "-" "Mozilla/5.0 (X11; Linux x86_64) AppleWebKit/537.36 (KHTML, like Gecko) Chrome/69.0.3497.92 Safari/537.36"
::1 - - [04/Jan/2019:14:04:35 +0000] "GET /movies/44 HTTP/1.1" 200 281 "-" "Mozilla/5.0 (X11; Linux x86_64) AppleWebKit/537.36 (KHTML, like Gecko) Chrome/69.0.3497.92 Safari/537.36"
::1 - - [04/Jan/2019:14:04:35 +0000] "GET /movies/44 HTTP/1.1" 200 281 "-" "Mozilla/5.0 (X11; Linux x86_64) AppleWebKit/537.36 (KHTML, like Gecko) Chrome/69.0.3497.92 Safari/537.36"
::1 - - [04/Jan/2019:14:04:36 +0000] "GET /movies/44 HTTP/1.1" 200 281 "-" "Mozilla/5.0 (X11; Linux x86_64) AppleWebKit/537.36 (KHTML, like Gecko) Chrome/69.0.3497.92 Safari/537.36"
::1 - - [04/Jan/2019:14:04:36 +0000] "GET /movies/44 HTTP/1.1" 200 281 "-" "Mozilla/5.0 (X11; Linux x86_64) AppleWebKit/537.36 (KHTML, like Gecko) Chrome/69.0.3497.92 Safari/537.36"
::1 - - [04/Jan/2019:14:04:37 +0000] "GET /movies/44 HTTP/1.1" 200 281 "-" "Mozilla/5.0 (X11; Linux x86_64) AppleWebKit/537.36 (KHTML, like Gecko) Chrome/69.0.3497.92 Safari/537.36"
::1 - - [04/Jan/2019:14:04:38 +0000] "GET /movies/44 HTTP/1.1" 200 281 "-" "Mozilla/5.0 (X11; Linux x86_64) AppleWebKit/537.36 (KHTML, like Gecko) Chrome/69.0.3497.92 Safari/537.36"
::1 - - [04/Jan/2019:14:04:38 +0000] "GET /movies/44 HTTP/1.1" 200 281 "-" "Mozilla/5.0 (X11; Linux x86_64) AppleWebKit/537.36 (KHTML, like Gecko) Chrome/69.0.3497.92 Safari/537.36"
::1 - - [04/Jan/2019:14:10:11 +0000] "GET /movies/44 HTTP/1.1" 200 281 "-" "Mozilla/5.0 (X11; Linux x86_64) AppleWebKit/537.36 (KHTML, like Gecko) Chrome/69.0.3497.92 Safari/537.36"
::1 - - [04/Jan/2019:14:10:20 +0000] "GET /movies HTTP/1.1" 200 2174 "-" "Mozilla/5.0 (X11; Linux x86_64) AppleWebKit/537.36 (KHTML, like Gecko) Chrome/69.0.3497.92 Safari/537.36"
::1 - - [04/Jan/2019:14:10:55 +0000] "GET /movies HTTP/1.1" 200 2174 "-" "Mozilla/5.0 (X11; Linux x86_64) AppleWebKit/537.36 (KHTML, like Gecko) Chrome/69.0.3497.92 Safari/537.36"
::1 - - [04/Jan/2019:14:11:13 +0000] "GET /movies HTTP/1.1" 500 53 "-" "Mozilla/5.0 (X11; Linux x86_64) AppleWebKit/537.36 (KHTML, like Gecko) Chrome/69.0.3497.92 Safari/537.36"
::1 - - [04/Jan/2019:14:11:39 +0000] "GET /movies HTTP/1.1" 200 2174 "-" "Mozilla/5.0 (X11; Linux x86_64) AppleWebKit/537.36 (KHTML, like Gecko) Chrome/69.0.3497.92 Safari/537.36"
::1 - - [04/Jan/2019:14:12:53 +0000] "GET /movies/43 HTTP/1.1" 404 39 "-" "Mozilla/5.0 (X11; Linux x86_64) AppleWebKit/537.36 (KHTML, like Gecko) Chrome/69.0.3497.92 Safari/537.36"
::1 - - [04/Jan/2019:14:13:08 +0000] "GET /movies HTTP/1.1" 200 2174 "-" "Mozilla/5.0 (X11; Linux x86_64) AppleWebKit/537.36 (KHTML, like Gecko) Chrome/69.0.3497.92 Safari/537.36"
::1 - - [04/Jan/2019:14:13:13 +0000] "GET /movies/44 HTTP/1.1" 200 281 "-" "Mozilla/5.0 (X11; Linux x86_64) AppleWebKit/537.36 (KHTML, like Gecko) Chrome/69.0.3497.92 Safari/537.36"
::1 - - [04/Jan/2019:14:13:19 +0000] "GET /movies/43 HTTP/1.1" 404 39 "-" "Mozilla/5.0 (X11; Linux x86_64) AppleWebKit/537.36 (KHTML, like Gecko) Chrome/69.0.3497.92 Safari/537.36"
::1 - - [04/Jan/2019:14:13:24 +0000] "GET /movies/44 HTTP/1.1" 200 281 "-" "Mozilla/5.0 (X11; Linux x86_64) AppleWebKit/537.36 (KHTML, like Gecko) Chrome/69.0.3497.92 Safari/537.36"
::1 - - [04/Jan/2019:14:13:36 +0000] "GET /movies/42 HTTP/1.1" 200 328 "-" "Mozilla/5.0 (X11; Linux x86_64) AppleWebKit/537.36 (KHTML, like Gecko) Chrome/69.0.3497.92 Safari/537.36"
::1 - - [04/Jan/2019:14:13:38 +0000] "GET /movies/42 HTTP/1.1" 200 328 "-" "Mozilla/5.0 (X11; Linux x86_64) AppleWebKit/537.36 (KHTML, like Gecko) Chrome/69.0.3497.92 Safari/537.36"
::1 - - [04/Jan/2019:14:13:39 +0000] "GET /movies/42 HTTP/1.1" 200 328 "-" "Mozilla/5.0 (X11; Linux x86_64) AppleWebKit/537.36 (KHTML, like Gecko) Chrome/69.0.3497.92 Safari/537.36"
::1 - - [04/Jan/2019:14:13:39 +0000] "GET /movies/42 HTTP/1.1" 200 328 "-" "Mozilla/5.0 (X11; Linux x86_64) AppleWebKit/537.36 (KHTML, like Gecko) Chrome/69.0.3497.92 Safari/537.36"
::1 - - [04/Jan/2019:14:13:40 +0000] "GET /movies/42 HTTP/1.1" 200 328 "-" "Mozilla/5.0 (X11; Linux x86_64) AppleWebKit/537.36 (KHTML, like Gecko) Chrome/69.0.3497.92 Safari/537.36"
::1 - - [04/Jan/2019:14:13:40 +0000] "GET /movies/42 HTTP/1.1" 200 328 "-" "Mozilla/5.0 (X11; Linux x86_64) AppleWebKit/537.36 (KHTML, like Gecko) Chrome/69.0.3497.92 Safari/537.36"
::1 - - [04/Jan/2019:14:13:41 +0000] "GET /movies/42 HTTP/1.1" 200 328 "-" "Mozilla/5.0 (X11; Linux x86_64) AppleWebKit/537.36 (KHTML, like Gecko) Chrome/69.0.3497.92 Safari/537.36"
::1 - - [04/Jan/2019:14:14:06 +0000] "GET /movies?sortBy=title&order=desc HTTP/1.1" 200 2174 "-" "Mozilla/5.0 (X11; Linux x86_64) AppleWebKit/537.36 (KHTML, like Gecko) Chrome/69.0.3497.92 Safari/537.36"
::1 - - [04/Jan/2019:14:14:11 +0000] "GET /movies?sortBy=title&order=desc HTTP/1.1" 200 2174 "-" "Mozilla/5.0 (X11; Linux x86_64) AppleWebKit/537.36 (KHTML, like Gecko) Chrome/69.0.3497.92 Safari/537.36"
::1 - - [04/Jan/2019:14:14:12 +0000] "GET /movies?sortBy=title&order=desc HTTP/1.1" 200 2174 "-" "Mozilla/5.0 (X11; Linux x86_64) AppleWebKit/537.36 (KHTML, like Gecko) Chrome/69.0.3497.92 Safari/537.36"
::1 - - [04/Jan/2019:14:14:12 +0000] "GET /movies?sortBy=title&order=desc HTTP/1.1" 200 2174 "-" "Mozilla/5.0 (X11; Linux x86_64) AppleWebKit/537.36 (KHTML, like Gecko) Chrome/69.0.3497.92 Safari/537.36"
::1 - - [04/Jan/2019:14:14:13 +0000] "GET /movies?sortBy=title&order=desc HTTP/1.1" 200 2174 "-" "Mozilla/5.0 (X11; Linux x86_64) AppleWebKit/537.36 (KHTML, like Gecko) Chrome/69.0.3497.92 Safari/537.36"
::1 - - [04/Jan/2019:14:14:15 +0000] "GET /movies?sortBy=title&order=desc HTTP/1.1" 200 2174 "-" "Mozilla/5.0 (X11; Linux x86_64) AppleWebKit/537.36 (KHTML, like Gecko) Chrome/69.0.3497.92 Safari/537.36"
::1 - - [04/Jan/2019:14:14:15 +0000] "GET /movies?sortBy=title&order=desc HTTP/1.1" 200 2174 "-" "Mozilla/5.0 (X11; Linux x86_64) AppleWebKit/537.36 (KHTML, like Gecko) Chrome/69.0.3497.92 Safari/537.36"
::1 - - [04/Jan/2019:14:14:16 +0000] "GET /movies?sortBy=title&order=desc HTTP/1.1" 200 2174 "-" "Mozilla/5.0 (X11; Linux x86_64) AppleWebKit/537.36 (KHTML, like Gecko) Chrome/69.0.3497.92 Safari/537.36"
::1 - - [04/Jan/2019:14:14:25 +0000] "GET /movies?sortBy=length&order=desc&perPage=2&offset=2 HTTP/1.1" 200 700 "-" "Mozilla/5.0 (X11; Linux x86_64) AppleWebKit/537.36 (KHTML, like Gecko) Chrome/69.0.3497.92 Safari/537.36"
::1 - - [04/Jan/2019:14:14:26 +0000] "GET /movies?sortBy=length&order=desc&perPage=2&offset=2 HTTP/1.1" 200 700 "-" "Mozilla/5.0 (X11; Linux x86_64) AppleWebKit/537.36 (KHTML, like Gecko) Chrome/69.0.3497.92 Safari/537.36"
::1 - - [04/Jan/2019:14:14:27 +0000] "GET /movies?sortBy=length&order=desc&perPage=2&offset=2 HTTP/1.1" 200 700 "-" "Mozilla/5.0 (X11; Linux x86_64) AppleWebKit/537.36 (KHTML, like Gecko) Chrome/69.0.3497.92 Safari/537.36"
::1 - - [04/Jan/2019:14:24:44 +0000] "GET /movies HTTP/1.1" 304 - "-" "Mozilla/5.0 (X11; Linux x86_64) AppleWebKit/537.36 (KHTML, like Gecko) Chrome/69.0.3497.92 Safari/537.36"
::1 - - [04/Jan/2019:14:25:14 +0000] "GET /movies HTTP/1.1" 304 - "-" "Mozilla/5.0 (X11; Linux x86_64) AppleWebKit/537.36 (KHTML, like Gecko) Chrome/69.0.3497.92 Safari/537.36"
::1 - - [04/Jan/2019:14:25:23 +0000] "GET /movies/38 HTTP/1.1" 200 335 "-" "Mozilla/5.0 (X11; Linux x86_64) AppleWebKit/537.36 (KHTML, like Gecko) Chrome/69.0.3497.92 Safari/537.36"
::1 - - [04/Jan/2019:14:25:27 +0000] "GET /movies/39 HTTP/1.1" 200 434 "-" "Mozilla/5.0 (X11; Linux x86_64) AppleWebKit/537.36 (KHTML, like Gecko) Chrome/69.0.3497.92 Safari/537.36"
::1 - - [04/Jan/2019:14:25:42 +0000] "GET /movies/39 HTTP/1.1" 200 434 "-" "Mozilla/5.0 (X11; Linux x86_64) AppleWebKit/537.36 (KHTML, like Gecko) Chrome/69.0.3497.92 Safari/537.36"
::1 - - [04/Jan/2019:14:25:46 +0000] "GET /movies/40 HTTP/1.1" 200 366 "-" "Mozilla/5.0 (X11; Linux x86_64) AppleWebKit/537.36 (KHTML, like Gecko) Chrome/69.0.3497.92 Safari/537.36"
::1 - - [04/Jan/2019:14:25:53 +0000] "DELETE /movies/40 HTTP/1.1" 204 - "-" "Mozilla/5.0 (X11; Linux x86_64) AppleWebKit/537.36 (KHTML, like Gecko) Chrome/69.0.3497.92 Safari/537.36"
::1 - - [04/Jan/2019:14:25:57 +0000] "GET /movies/40 HTTP/1.1" 404 39 "-" "Mozilla/5.0 (X11; Linux x86_64) AppleWebKit/537.36 (KHTML, like Gecko) Chrome/69.0.3497.92 Safari/537.36"
::1 - - [04/Jan/2019:14:26:06 +0000] "GET /movies HTTP/1.1" 200 2174 "-" "Mozilla/5.0 (X11; Linux x86_64) AppleWebKit/537.36 (KHTML, like Gecko) Chrome/69.0.3497.92 Safari/537.36"
::1 - - [04/Jan/2019:14:26:58 +0000] "GET /movies/40 HTTP/1.1" 404 39 "-" "Mozilla/5.0 (X11; Linux x86_64) AppleWebKit/537.36 (KHTML, like Gecko) Chrome/69.0.3497.92 Safari/537.36"
::1 - - [04/Jan/2019:14:27:43 +0000] "GET /movies/39 HTTP/1.1" 304 - "-" "Mozilla/5.0 (X11; Linux x86_64) AppleWebKit/537.36 (KHTML, like Gecko) Chrome/69.0.3497.92 Safari/537.36"
::1 - - [04/Jan/2019:14:27:48 +0000] "GET /movies/39 HTTP/1.1" 304 - "-" "Mozilla/5.0 (X11; Linux x86_64) AppleWebKit/537.36 (KHTML, like Gecko) Chrome/69.0.3497.92 Safari/537.36"
::1 - - [04/Jan/2019:14:27:56 +0000] "GET /movies HTTP/1.1" 200 1809 "-" "Mozilla/5.0 (X11; Linux x86_64) AppleWebKit/537.36 (KHTML, like Gecko) Chrome/69.0.3497.92 Safari/537.36"
::1 - - [04/Jan/2019:14:28:05 +0000] "GET /movies?order=desc HTTP/1.1" 200 1809 "-" "Mozilla/5.0 (X11; Linux x86_64) AppleWebKit/537.36 (KHTML, like Gecko) Chrome/69.0.3497.92 Safari/537.36"
::1 - - [04/Jan/2019:14:28:17 +0000] "GET /movies HTTP/1.1" 304 - "-" "Mozilla/5.0 (X11; Linux x86_64) AppleWebKit/537.36 (KHTML, like Gecko) Chrome/69.0.3497.92 Safari/537.36"
::1 - - [04/Jan/2019:14:28:27 +0000] "GET /movies?order=asc HTTP/1.1" 200 1809 "-" "Mozilla/5.0 (X11; Linux x86_64) AppleWebKit/537.36 (KHTML, like Gecko) Chrome/69.0.3497.92 Safari/537.36"
::1 - - [04/Jan/2019:14:28:29 +0000] "GET /movies?order=asc HTTP/1.1" 304 - "-" "Mozilla/5.0 (X11; Linux x86_64) AppleWebKit/537.36 (KHTML, like Gecko) Chrome/69.0.3497.92 Safari/537.36"
::1 - - [04/Jan/2019:14:28:39 +0000] "GET /movies/40 HTTP/1.1" 404 39 "-" "Mozilla/5.0 (X11; Linux x86_64) AppleWebKit/537.36 (KHTML, like Gecko) Chrome/69.0.3497.92 Safari/537.36"
::1 - - [04/Jan/2019:14:28:41 +0000] "GET /movies/40 HTTP/1.1" 404 39 "-" "Mozilla/5.0 (X11; Linux x86_64) AppleWebKit/537.36 (KHTML, like Gecko) Chrome/69.0.3497.92 Safari/537.36"
::1 - - [04/Jan/2019:14:28:48 +0000] "GET /movies HTTP/1.1" 200 1809 "-" "Mozilla/5.0 (X11; Linux x86_64) AppleWebKit/537.36 (KHTML, like Gecko) Chrome/69.0.3497.92 Safari/537.36"
::1 - - [04/Jan/2019:14:28:55 +0000] "GET /movies/44 HTTP/1.1" 200 281 "-" "Mozilla/5.0 (X11; Linux x86_64) AppleWebKit/537.36 (KHTML, like Gecko) Chrome/69.0.3497.92 Safari/537.36"
::1 - - [04/Jan/2019:14:28:58 +0000] "GET /movies/44 HTTP/1.1" 200 281 "-" "Mozilla/5.0 (X11; Linux x86_64) AppleWebKit/537.36 (KHTML, like Gecko) Chrome/69.0.3497.92 Safari/537.36"
::1 - - [04/Jan/2019:14:29:02 +0000] "DELETE /movies/44 HTTP/1.1" 204 - "-" "Mozilla/5.0 (X11; Linux x86_64) AppleWebKit/537.36 (KHTML, like Gecko) Chrome/69.0.3497.92 Safari/537.36"
::1 - - [04/Jan/2019:14:29:06 +0000] "GET /movies?order=asc HTTP/1.1" 304 - "-" "Mozilla/5.0 (X11; Linux x86_64) AppleWebKit/537.36 (KHTML, like Gecko) Chrome/69.0.3497.92 Safari/537.36"
::1 - - [04/Jan/2019:14:29:10 +0000] "GET /movies?order=asc HTTP/1.1" 304 - "-" "Mozilla/5.0 (X11; Linux x86_64) AppleWebKit/537.36 (KHTML, like Gecko) Chrome/69.0.3497.92 Safari/537.36"
::1 - - [04/Jan/2019:14:30:17 +0000] "GET /movies?order=asc HTTP/1.1" 200 1529 "-" "Mozilla/5.0 (X11; Linux x86_64) AppleWebKit/537.36 (KHTML, like Gecko) Chrome/69.0.3497.92 Safari/537.36"
::1 - - [04/Jan/2019:14:30:35 +0000] "POST /movies HTTP/1.1" 201 224 "-" "Mozilla/5.0 (X11; Linux x86_64) AppleWebKit/537.36 (KHTML, like Gecko) Chrome/69.0.3497.92 Safari/537.36"
::1 - - [04/Jan/2019:14:30:37 +0000] "GET /movies?order=asc HTTP/1.1" 304 - "-" "Mozilla/5.0 (X11; Linux x86_64) AppleWebKit/537.36 (KHTML, like Gecko) Chrome/69.0.3497.92 Safari/537.36"
::1 - - [04/Jan/2019:14:30:39 +0000] "GET /movies HTTP/1.1" 200 1809 "-" "Mozilla/5.0 (X11; Linux x86_64) AppleWebKit/537.36 (KHTML, like Gecko) Chrome/69.0.3497.92 Safari/537.36"
::1 - - [04/Jan/2019:14:30:41 +0000] "GET /movies HTTP/1.1" 304 - "-" "Mozilla/5.0 (X11; Linux x86_64) AppleWebKit/537.36 (KHTML, like Gecko) Chrome/69.0.3497.92 Safari/537.36"
